[2023-10-10T14:21:09.539535+00:00] main.ERROR: Parameter validation failed
#0 /var/www/magento2/m246/vendor/symfony/console/Command/Command.php(264): Magento\Setup\Console\Command\InstallCommand->initialize()
#1 /var/www/magento2/m246/vendor/symfony/console/Application.php(1040): Symfony\Component\Console\Command\Command->run()
#2 /var/www/magento2/m246/vendor/symfony/console/Application.php(301): Symfony\Component\Console\Application->doRunCommand()
#3 /var/www/magento2/m246/vendor/magento/framework/Console/Cli.php(116): Symfony\Component\Console\Application->doRun()
#4 /var/www/magento2/m246/vendor/symfony/console/Application.php(171): Magento\Framework\Console\Cli->doRun()
#5 /var/www/magento2/m246/bin/magento(23): Symfony\Component\Console\Application->run()
#6 {main} [] []
[2023-10-10T14:21:47.088549+00:00] main.ERROR: Parameter validation failed
#0 /var/www/magento2/m246/vendor/symfony/console/Command/Command.php(264): Magento\Setup\Console\Command\InstallCommand->initialize()
#1 /var/www/magento2/m246/vendor/symfony/console/Application.php(1040): Symfony\Component\Console\Command\Command->run()
#2 /var/www/magento2/m246/vendor/symfony/console/Application.php(301): Symfony\Component\Console\Application->doRunCommand()
#3 /var/www/magento2/m246/vendor/magento/framework/Console/Cli.php(116): Symfony\Component\Console\Application->doRun()
#4 /var/www/magento2/m246/vendor/symfony/console/Application.php(171): Magento\Framework\Console\Cli->doRun()
#5 /var/www/magento2/m246/bin/magento(23): Symfony\Component\Console\Application->run()
#6 {main} [] []
[2023-10-10T14:23:13.655573+00:00] main.ERROR: Parameter validation failed
#0 /var/www/magento2/m246/vendor/symfony/console/Command/Command.php(264): Magento\Setup\Console\Command\ConfigSetCommand->initialize()
#1 /var/www/magento2/m246/vendor/symfony/console/Application.php(1040): Symfony\Component\Console\Command\Command->run()
#2 /var/www/magento2/m246/vendor/symfony/console/Application.php(301): Symfony\Component\Console\Application->doRunCommand()
#3 /var/www/magento2/m246/vendor/magento/framework/Console/Cli.php(116): Symfony\Component\Console\Application->doRun()
#4 /var/www/magento2/m246/vendor/symfony/console/Application.php(171): Magento\Framework\Console\Cli->doRun()
#5 /var/www/magento2/m246/bin/magento(23): Symfony\Component\Console\Application->run()
#6 {main} [] []
[2023-10-10T14:26:46.504351+00:00] main.ERROR: Could not validate a connection to Elasticsearch. No alive nodes found in your cluster
#0 /var/www/magento2/m246/setup/src/Magento/Setup/Model/SearchConfig.php(69): Magento\Setup\Model\SearchConfig->validateSearchEngine()
#1 /var/www/magento2/m246/setup/src/Magento/Setup/Model/Installer.php(1210): Magento\Setup\Model\SearchConfig->saveConfiguration()
#2 [internal function]: Magento\Setup\Model\Installer->installSearchConfiguration()
#3 /var/www/magento2/m246/setup/src/Magento/Setup/Model/Installer.php(388): call_user_func_array()
#4 /var/www/magento2/m246/setup/src/Magento/Setup/Console/Command/InstallCommand.php(238): Magento\Setup\Model\Installer->install()
#5 /var/www/magento2/m246/vendor/symfony/console/Command/Command.php(298): Magento\Setup\Console\Command\InstallCommand->execute()
#6 /var/www/magento2/m246/vendor/symfony/console/Application.php(1040): Symfony\Component\Console\Command\Command->run()
#7 /var/www/magento2/m246/vendor/symfony/console/Application.php(301): Symfony\Component\Console\Application->doRunCommand()
#8 /var/www/magento2/m246/vendor/magento/framework/Console/Cli.php(116): Symfony\Component\Console\Application->doRun()
#9 /var/www/magento2/m246/vendor/symfony/console/Application.php(171): Magento\Framework\Console\Cli->doRun()
#10 /var/www/magento2/m246/bin/magento(23): Symfony\Component\Console\Application->run()
#11 {main} [] []
[2023-10-10T14:44:35.961937+00:00] main.INFO: Broken reference: the 'catalog.compare.sidebar' element cannot be added as child to 'sidebar.additional', because the latter doesn't exist [] []
[2023-10-10T14:44:35.962604+00:00] main.INFO: Broken reference: the 'sale.reorder.sidebar' element cannot be added as child to 'sidebar.additional', because the latter doesn't exist [] []
[2023-10-10T14:44:35.962902+00:00] main.INFO: Broken reference: the 'wishlist_sidebar' element cannot be added as child to 'sidebar.additional', because the latter doesn't exist [] []
[2023-10-10T14:44:35.963125+00:00] main.INFO: Broken reference: the 'paypal.partner.right.logo' element cannot be added as child to 'sidebar.additional', because the latter doesn't exist [] []
[2023-10-10T14:44:35.963331+00:00] main.INFO: Broken reference: the 'bml.right.logo' element cannot be added as child to 'sidebar.additional', because the latter doesn't exist [] []
[2023-10-10T14:44:35.963567+00:00] main.INFO: Broken reference: the 'sidebar.container.paylater' element cannot be added as child to 'sidebar.additional', because the latter doesn't exist [] []
[2023-10-10T15:02:16.447101+00:00] main.ERROR: Sample Data error: Warning: file_get_contents(/var/www/magento2/m246/pub/media/downloadable/files/links/l/u/luma_background_-_model_against_fence_4_sec_.mp4): Failed to open stream: No such file or directory in /var/www/magento2/m246/vendor/magento/module-downloadable-sample-data/Model/Product/Converter.php on line 132 [] []
[2023-10-10T15:07:16.874459+00:00] main.INFO: Broken reference: the 'catalog.compare.sidebar' element cannot be added as child to 'sidebar.additional', because the latter doesn't exist [] []
[2023-10-10T15:07:16.874792+00:00] main.INFO: Broken reference: the 'sale.reorder.sidebar' element cannot be added as child to 'sidebar.additional', because the latter doesn't exist [] []
[2023-10-10T15:07:16.875077+00:00] main.INFO: Broken reference: the 'wishlist_sidebar' element cannot be added as child to 'sidebar.additional', because the latter doesn't exist [] []
[2023-10-10T15:07:16.875304+00:00] main.INFO: Broken reference: the 'paypal.partner.right.logo' element cannot be added as child to 'sidebar.additional', because the latter doesn't exist [] []
[2023-10-10T15:07:16.875527+00:00] main.INFO: Broken reference: the 'bml.right.logo' element cannot be added as child to 'sidebar.additional', because the latter doesn't exist [] []
[2023-10-10T15:07:16.875728+00:00] main.INFO: Broken reference: the 'sidebar.container.paylater' element cannot be added as child to 'sidebar.additional', because the latter doesn't exist [] []
[2023-10-10T15:28:53.562443+00:00] main.INFO: Broken reference: the 'tracking' element cannot be added as child to 'header', because the latter doesn't exist [] []
[2023-10-10T15:28:53.562757+00:00] main.INFO: Broken reference: the 'notification_area' element cannot be added as child to 'notifications', because the latter doesn't exist [] []
[2023-10-10T15:28:53.562989+00:00] main.INFO: Broken reference: the 'unread_system_messages' element cannot be added as child to 'notifications', because the latter doesn't exist [] []
[2023-10-10T15:28:53.563193+00:00] main.INFO: Broken reference: the 'notification_window' element cannot be added as child to 'notifications', because the latter doesn't exist [] []
[2023-10-10T15:28:53.563395+00:00] main.INFO: Broken reference: the 'notification.messages' element cannot be added as child to 'header', because the latter doesn't exist [] []
[2023-10-10T15:28:53.563619+00:00] main.INFO: Broken reference: the 'global_notices' element cannot be added as child to 'global.notices', because the latter doesn't exist [] []
[2023-10-10T15:28:53.563837+00:00] main.INFO: Broken reference: the 'logo' element cannot be added as child to 'header', because the latter doesn't exist [] []
[2023-10-10T15:28:53.564039+00:00] main.INFO: Broken reference: the 'global.search' element cannot be added as child to 'header', because the latter doesn't exist [] []
[2023-10-10T15:28:53.564275+00:00] main.INFO: Broken reference: the 'user' element cannot be added as child to 'header', because the latter doesn't exist [] []
[2023-10-10T15:28:53.564470+00:00] main.INFO: Broken reference: the 'menu' element cannot be added as child to 'page.menu', because the latter doesn't exist [] []
[2023-10-10T15:28:53.564704+00:00] main.INFO: Broken reference: the 'breadcrumbs' element cannot be added as child to 'page.breadcrumbs', because the latter doesn't exist [] []
[2023-10-10T15:28:53.564903+00:00] main.INFO: Broken reference: the 'formkey' element cannot be added as child to 'page.formkey', because the latter doesn't exist [] []
[2023-10-10T15:28:53.565142+00:00] main.INFO: Broken reference: the 'page.title' element cannot be added as child to 'main.top', because the latter doesn't exist [] []
[2023-10-10T15:28:53.565337+00:00] main.INFO: Broken reference: the 'messages' element cannot be added as child to 'page.messages', because the latter doesn't exist [] []
[2023-10-10T15:28:53.565531+00:00] main.INFO: Broken reference: the 'page.actions.toolbar' element cannot be added as child to 'page.main.actions', because the latter doesn't exist [] []
[2023-10-10T15:28:53.565727+00:00] main.INFO: Broken reference: the 'legal' element cannot be added as child to 'footer', because the latter doesn't exist [] []
[2023-10-10T15:28:53.565952+00:00] main.INFO: Broken reference: the 'header.inner.left' element cannot be added as child to 'header', because the latter doesn't exist [] []
[2023-10-10T15:28:53.566148+00:00] main.INFO: Broken reference: the 'header.inner.right' element cannot be added as child to 'header', because the latter doesn't exist [] []
[2023-10-10T15:28:53.566367+00:00] main.INFO: Broken reference: the 'user' tries to reorder itself towards '', but their parents are different: 'header' and '' respectively. [] []
[2023-10-10T15:28:53.566564+00:00] main.INFO: Broken reference: the 'notification.messages' tries to reorder itself towards 'user', but their parents are different: 'header' and '' respectively. [] []
[2023-10-10T15:28:53.566763+00:00] main.INFO: Broken reference: the 'logo' tries to reorder itself towards '', but their parents are different: 'header' and '' respectively. [] []
[2023-10-10T15:28:53.566987+00:00] main.INFO: Broken reference: the 'global.search' tries to reorder itself towards 'logo', but their parents are different: 'header' and '' respectively. [] []
[2023-10-10T15:28:53.567185+00:00] main.INFO: Broken reference: the 'page.actions.toolbar' tries to reorder itself towards '', but their parents are different: 'page.main.actions' and '' respectively. [] []
[2023-10-10T15:28:53.567412+00:00] main.INFO: Broken reference: the 'header.inner.left' tries to reorder itself towards '', but their parents are different: 'header' and '' respectively. [] []
[2023-10-10T15:28:53.567612+00:00] main.INFO: Broken reference: the 'header.inner.right' tries to reorder itself towards 'header.inner.left', but their parents are different: 'header' and '' respectively. [] []
[2023-10-10T15:28:53.567814+00:00] main.INFO: Broken reference: the 'notification.messages' tries to reorder itself towards 'user', but their parents are different: 'header.inner.right' and '' respectively. [] []
[2023-10-10T15:29:50.706523+00:00] main.INFO: Broken reference: the 'tracking' element cannot be added as child to 'header', because the latter doesn't exist [] []
[2023-10-10T15:29:50.706859+00:00] main.INFO: Broken reference: the 'notification_area' element cannot be added as child to 'notifications', because the latter doesn't exist [] []
[2023-10-10T15:29:50.707103+00:00] main.INFO: Broken reference: the 'unread_system_messages' element cannot be added as child to 'notifications', because the latter doesn't exist [] []
[2023-10-10T15:29:50.707322+00:00] main.INFO: Broken reference: the 'notification_window' element cannot be added as child to 'notifications', because the latter doesn't exist [] []
[2023-10-10T15:29:50.707551+00:00] main.INFO: Broken reference: the 'notification.messages' element cannot be added as child to 'header', because the latter doesn't exist [] []
[2023-10-10T15:29:50.707782+00:00] main.INFO: Broken reference: the 'global_notices' element cannot be added as child to 'global.notices', because the latter doesn't exist [] []
[2023-10-10T15:29:50.707989+00:00] main.INFO: Broken reference: the 'logo' element cannot be added as child to 'header', because the latter doesn't exist [] []
[2023-10-10T15:29:50.708201+00:00] main.INFO: Broken reference: the 'global.search' element cannot be added as child to 'header', because the latter doesn't exist [] []
[2023-10-10T15:29:50.708426+00:00] main.INFO: Broken reference: the 'user' element cannot be added as child to 'header', because the latter doesn't exist [] []
[2023-10-10T15:29:50.708631+00:00] main.INFO: Broken reference: the 'menu' element cannot be added as child to 'page.menu', because the latter doesn't exist [] []
[2023-10-10T15:29:50.708875+00:00] main.INFO: Broken reference: the 'breadcrumbs' element cannot be added as child to 'page.breadcrumbs', because the latter doesn't exist [] []
[2023-10-10T15:29:50.709107+00:00] main.INFO: Broken reference: the 'formkey' element cannot be added as child to 'page.formkey', because the latter doesn't exist [] []
[2023-10-10T15:29:50.709331+00:00] main.INFO: Broken reference: the 'page.title' element cannot be added as child to 'main.top', because the latter doesn't exist [] []
[2023-10-10T15:29:50.709563+00:00] main.INFO: Broken reference: the 'messages' element cannot be added as child to 'page.messages', because the latter doesn't exist [] []
[2023-10-10T15:29:50.709785+00:00] main.INFO: Broken reference: the 'page.actions.toolbar' element cannot be added as child to 'page.main.actions', because the latter doesn't exist [] []
[2023-10-10T15:29:50.710026+00:00] main.INFO: Broken reference: the 'legal' element cannot be added as child to 'footer', because the latter doesn't exist [] []
[2023-10-10T15:29:50.710261+00:00] main.INFO: Broken reference: the 'header.inner.left' element cannot be added as child to 'header', because the latter doesn't exist [] []
[2023-10-10T15:29:50.710473+00:00] main.INFO: Broken reference: the 'header.inner.right' element cannot be added as child to 'header', because the latter doesn't exist [] []
[2023-10-10T15:29:50.710715+00:00] main.INFO: Broken reference: the 'user' tries to reorder itself towards '', but their parents are different: 'header' and '' respectively. [] []
[2023-10-10T15:29:50.710942+00:00] main.INFO: Broken reference: the 'notification.messages' tries to reorder itself towards 'user', but their parents are different: 'header' and '' respectively. [] []
[2023-10-10T15:29:50.711188+00:00] main.INFO: Broken reference: the 'logo' tries to reorder itself towards '', but their parents are different: 'header' and '' respectively. [] []
[2023-10-10T15:29:50.711392+00:00] main.INFO: Broken reference: the 'global.search' tries to reorder itself towards 'logo', but their parents are different: 'header' and '' respectively. [] []
[2023-10-10T15:29:50.711637+00:00] main.INFO: Broken reference: the 'page.actions.toolbar' tries to reorder itself towards '', but their parents are different: 'page.main.actions' and '' respectively. [] []
[2023-10-10T15:29:50.711873+00:00] main.INFO: Broken reference: the 'header.inner.left' tries to reorder itself towards '', but their parents are different: 'header' and '' respectively. [] []
[2023-10-10T15:29:50.712121+00:00] main.INFO: Broken reference: the 'header.inner.right' tries to reorder itself towards 'header.inner.left', but their parents are different: 'header' and '' respectively. [] []
[2023-10-10T15:29:50.712349+00:00] main.INFO: Broken reference: the 'notification.messages' tries to reorder itself towards 'user', but their parents are different: 'header.inner.right' and '' respectively. [] []
[2023-10-10T15:30:04.171437+00:00] main.INFO: Broken reference: the 'tracking' element cannot be added as child to 'header', because the latter doesn't exist [] []
[2023-10-10T15:30:04.171974+00:00] main.INFO: Broken reference: the 'notification_area' element cannot be added as child to 'notifications', because the latter doesn't exist [] []
[2023-10-10T15:30:04.172357+00:00] main.INFO: Broken reference: the 'unread_system_messages' element cannot be added as child to 'notifications', because the latter doesn't exist [] []
[2023-10-10T15:30:04.172718+00:00] main.INFO: Broken reference: the 'notification_window' element cannot be added as child to 'notifications', because the latter doesn't exist [] []
[2023-10-10T15:30:04.173105+00:00] main.INFO: Broken reference: the 'notification.messages' element cannot be added as child to 'header', because the latter doesn't exist [] []
[2023-10-10T15:30:04.173469+00:00] main.INFO: Broken reference: the 'global_notices' element cannot be added as child to 'global.notices', because the latter doesn't exist [] []
[2023-10-10T15:30:04.173826+00:00] main.INFO: Broken reference: the 'logo' element cannot be added as child to 'header', because the latter doesn't exist [] []
[2023-10-10T15:30:04.174197+00:00] main.INFO: Broken reference: the 'global.search' element cannot be added as child to 'header', because the latter doesn't exist [] []
[2023-10-10T15:30:04.174550+00:00] main.INFO: Broken reference: the 'user' element cannot be added as child to 'header', because the latter doesn't exist [] []
[2023-10-10T15:30:04.174926+00:00] main.INFO: Broken reference: the 'menu' element cannot be added as child to 'page.menu', because the latter doesn't exist [] []
[2023-10-10T15:30:04.175296+00:00] main.INFO: Broken reference: the 'breadcrumbs' element cannot be added as child to 'page.breadcrumbs', because the latter doesn't exist [] []
[2023-10-10T15:30:04.175648+00:00] main.INFO: Broken reference: the 'formkey' element cannot be added as child to 'page.formkey', because the latter doesn't exist [] []
[2023-10-10T15:30:04.176008+00:00] main.INFO: Broken reference: the 'page.title' element cannot be added as child to 'main.top', because the latter doesn't exist [] []
[2023-10-10T15:30:04.176346+00:00] main.INFO: Broken reference: the 'messages' element cannot be added as child to 'page.messages', because the latter doesn't exist [] []
[2023-10-10T15:30:04.176705+00:00] main.INFO: Broken reference: the 'page.actions.toolbar' element cannot be added as child to 'page.main.actions', because the latter doesn't exist [] []
[2023-10-10T15:30:04.177052+00:00] main.INFO: Broken reference: the 'legal' element cannot be added as child to 'footer', because the latter doesn't exist [] []
[2023-10-10T15:30:04.177445+00:00] main.INFO: Broken reference: the 'header.inner.left' element cannot be added as child to 'header', because the latter doesn't exist [] []
[2023-10-10T15:30:04.177793+00:00] main.INFO: Broken reference: the 'header.inner.right' element cannot be added as child to 'header', because the latter doesn't exist [] []
[2023-10-10T15:30:04.178152+00:00] main.INFO: Broken reference: the 'user' tries to reorder itself towards '', but their parents are different: 'header' and '' respectively. [] []
[2023-10-10T15:30:04.178499+00:00] main.INFO: Broken reference: the 'notification.messages' tries to reorder itself towards 'user', but their parents are different: 'header' and '' respectively. [] []
[2023-10-10T15:30:04.178848+00:00] main.INFO: Broken reference: the 'logo' tries to reorder itself towards '', but their parents are different: 'header' and '' respectively. [] []
[2023-10-10T15:30:04.179189+00:00] main.INFO: Broken reference: the 'global.search' tries to reorder itself towards 'logo', but their parents are different: 'header' and '' respectively. [] []
[2023-10-10T15:30:04.179530+00:00] main.INFO: Broken reference: the 'page.actions.toolbar' tries to reorder itself towards '', but their parents are different: 'page.main.actions' and '' respectively. [] []
[2023-10-10T15:30:04.179884+00:00] main.INFO: Broken reference: the 'header.inner.left' tries to reorder itself towards '', but their parents are different: 'header' and '' respectively. [] []
[2023-10-10T15:30:04.180229+00:00] main.INFO: Broken reference: the 'header.inner.right' tries to reorder itself towards 'header.inner.left', but their parents are different: 'header' and '' respectively. [] []
[2023-10-10T15:30:04.180571+00:00] main.INFO: Broken reference: the 'notification.messages' tries to reorder itself towards 'user', but their parents are different: 'header.inner.right' and '' respectively. [] []
[2023-10-10T15:30:19.721476+00:00] main.INFO: Broken reference: the 'notification.messages' tries to reorder itself towards 'user', but their parents are different: 'header.inner.right' and 'header' respectively. [] []
[2023-10-10T15:30:19.763125+00:00] main.INFO: Item Magento_Backend::system_currency was removed [] []
[2023-10-10T15:30:19.767107+00:00] main.INFO: Add of item with id Magento_Config::system_config was processed [] []
[2023-10-10T15:30:19.767437+00:00] main.INFO: Add of item with id Magento_AdminNotification::system_adminnotification was processed [] []
[2023-10-10T15:30:19.767656+00:00] main.INFO: Add of item with id Magento_Theme::design_config was processed [] []
[2023-10-10T15:30:19.767856+00:00] main.INFO: Add of item with id Magento_Theme::system_design_theme was processed [] []
[2023-10-10T15:30:19.768049+00:00] main.INFO: Add of item with id Magento_Backend::system_design_schedule was processed [] []
[2023-10-10T15:30:19.768242+00:00] main.INFO: Add of item with id Magento_Backend::system_store was processed [] []
[2023-10-10T15:30:19.768440+00:00] main.INFO: Add of item with id Magento_Backend::dashboard was processed [] []
[2023-10-10T15:30:19.768631+00:00] main.INFO: Add of item with id Magento_Backend::system was processed [] []
[2023-10-10T15:30:19.768829+00:00] main.INFO: Add of item with id Magento_Backend::system_tools was processed [] []
[2023-10-10T15:30:19.769047+00:00] main.INFO: Add of item with id Magento_Backend::system_design was processed [] []
[2023-10-10T15:30:19.769251+00:00] main.INFO: Add of item with id Magento_Backend::system_convert was processed [] []
[2023-10-10T15:30:19.769481+00:00] main.INFO: Add of item with id Magento_Backend::system_cache was processed [] []
[2023-10-10T15:30:19.769674+00:00] main.INFO: Add of item with id Magento_Backend::marketing was processed [] []
[2023-10-10T15:30:19.769891+00:00] main.INFO: Add of item with id Magento_Backend::marketing_communications was processed [] []
[2023-10-10T15:30:19.770087+00:00] main.INFO: Add of item with id Magento_Backend::marketing_seo was processed [] []
[2023-10-10T15:30:19.770297+00:00] main.INFO: Add of item with id Magento_Backend::marketing_user_content was processed [] []
[2023-10-10T15:30:19.770509+00:00] main.INFO: Add of item with id Magento_Backend::content was processed [] []
[2023-10-10T15:30:19.770699+00:00] main.INFO: Add of item with id Magento_Backend::content_elements was processed [] []
[2023-10-10T15:30:19.770911+00:00] main.INFO: Add of item with id Magento_Backend::stores was processed [] []
[2023-10-10T15:30:19.771109+00:00] main.INFO: Add of item with id Magento_Backend::stores_settings was processed [] []
[2023-10-10T15:30:19.771302+00:00] main.INFO: Add of item with id Magento_Backend::stores_attributes was processed [] []
[2023-10-10T15:30:19.771493+00:00] main.INFO: Add of item with id Magento_Backend::other_settings was processed [] []
[2023-10-10T15:30:19.771683+00:00] main.INFO: Add of item with id Magento_Backend::system_other_settings was processed [] []
[2023-10-10T15:30:19.771886+00:00] main.INFO: Add of item with id Magento_User::system_acl was processed [] []
[2023-10-10T15:30:19.772084+00:00] main.INFO: Add of item with id Magento_User::system_acl_users was processed [] []
[2023-10-10T15:30:19.772277+00:00] main.INFO: Add of item with id Magento_User::system_acl_roles was processed [] []
[2023-10-10T15:30:19.772487+00:00] main.INFO: Add of item with id Magento_User::system_acl_locks was processed [] []
[2023-10-10T15:30:19.772684+00:00] main.INFO: Add of item with id Magento_Customer::customer was processed [] []
[2023-10-10T15:30:19.772881+00:00] main.INFO: Add of item with id Magento_Customer::customer_manage was processed [] []
[2023-10-10T15:30:19.773106+00:00] main.INFO: Add of item with id Magento_Customer::customer_online was processed [] []
[2023-10-10T15:30:19.773317+00:00] main.INFO: Add of item with id Magento_Customer::customer_group was processed [] []
[2023-10-10T15:30:19.773508+00:00] main.INFO: Add of item with id Magento_Backup::system_tools_backup was processed [] []
[2023-10-10T15:30:19.773699+00:00] main.INFO: Add of item with id Magento_Indexer::system_index was processed [] []
[2023-10-10T15:30:19.773897+00:00] main.INFO: Add of item with id Magento_Variable::system_variable was processed [] []
[2023-10-10T15:30:19.774094+00:00] main.INFO: Add of item with id Magento_Cms::cms_page was processed [] []
[2023-10-10T15:30:19.774288+00:00] main.INFO: Add of item with id Magento_Cms::cms_block was processed [] []
[2023-10-10T15:30:19.774479+00:00] main.INFO: Add of item with id Magento_Catalog::catalog was processed [] []
[2023-10-10T15:30:19.774677+00:00] main.INFO: Add of item with id Magento_Catalog::catalog_products was processed [] []
[2023-10-10T15:30:19.774869+00:00] main.INFO: Add of item with id Magento_Catalog::catalog_categories was processed [] []
[2023-10-10T15:30:19.775066+00:00] main.INFO: Add of item with id Magento_Catalog::catalog_attributes_attributes was processed [] []
[2023-10-10T15:30:19.775258+00:00] main.INFO: Add of item with id Magento_Catalog::catalog_attributes_sets was processed [] []
[2023-10-10T15:30:19.775481+00:00] main.INFO: Add of item with id Magento_Catalog::inventory was processed [] []
[2023-10-10T15:30:19.775694+00:00] main.INFO: Add of item with id Magento_Search::search_terms was processed [] []
[2023-10-10T15:30:19.775901+00:00] main.INFO: Add of item with id Magento_Search::search_synonyms was processed [] []
[2023-10-10T15:30:19.776111+00:00] main.INFO: Add of item with id Magento_CatalogRule::promo was processed [] []
[2023-10-10T15:30:19.776309+00:00] main.INFO: Add of item with id Magento_CatalogRule::promo_catalog was processed [] []
[2023-10-10T15:30:19.776500+00:00] main.INFO: Add of item with id Magento_Sales::sales was processed [] []
[2023-10-10T15:30:19.776697+00:00] main.INFO: Add of item with id Magento_Sales::sales_operation was processed [] []
[2023-10-10T15:30:19.776896+00:00] main.INFO: Add of item with id Magento_Sales::sales_order was processed [] []
[2023-10-10T15:30:19.777153+00:00] main.INFO: Add of item with id Magento_Sales::sales_invoice was processed [] []
[2023-10-10T15:30:19.777378+00:00] main.INFO: Add of item with id Magento_Sales::sales_shipment was processed [] []
[2023-10-10T15:30:19.777577+00:00] main.INFO: Add of item with id Magento_Sales::sales_creditmemo was processed [] []
[2023-10-10T15:30:19.777777+00:00] main.INFO: Add of item with id Magento_Sales::sales_transactions was processed [] []
[2023-10-10T15:30:19.778043+00:00] main.INFO: Add of item with id Magento_Sales::system_order_statuses was processed [] []
[2023-10-10T15:30:19.778249+00:00] main.INFO: Add of item with id Magento_MediaGalleryUi::media was processed [] []
[2023-10-10T15:30:19.778485+00:00] main.INFO: Add of item with id Magento_MediaGalleryUi::media_gallery was processed [] []
[2023-10-10T15:30:19.778803+00:00] main.INFO: Add of item with id Magento_Downloadable::report_products_downloads was processed [] []
[2023-10-10T15:30:19.779012+00:00] main.INFO: Add of item with id Magento_Integration::system_extensions was processed [] []
[2023-10-10T15:30:19.779222+00:00] main.INFO: Add of item with id Magento_Integration::system_integrations was processed [] []
[2023-10-10T15:30:19.779438+00:00] main.INFO: Add of item with id Magento_UrlRewrite::urlrewrite was processed [] []
[2023-10-10T15:30:19.779675+00:00] main.INFO: Add of item with id Magento_Tax::sales_tax was processed [] []
[2023-10-10T15:30:19.779916+00:00] main.INFO: Add of item with id Magento_Tax::sales_tax_rules was processed [] []
[2023-10-10T15:30:19.780167+00:00] main.INFO: Add of item with id Magento_Tax::sales_tax_rates was processed [] []
[2023-10-10T15:30:19.780366+00:00] main.INFO: Add of item with id Magento_Widget::cms_widget_instance was processed [] []
[2023-10-10T15:30:19.780576+00:00] main.INFO: Add of item with id Magento_Analytics::business_intelligence was processed [] []
[2023-10-10T15:30:19.780808+00:00] main.INFO: Add of item with id Magento_Analytics::advanced_reporting was processed [] []
[2023-10-10T15:30:19.781037+00:00] main.INFO: Add of item with id Magento_Analytics::bi_essentials was processed [] []
[2023-10-10T15:30:19.781399+00:00] main.INFO: Add of item with id Magento_ImportExport::system_convert_import was processed [] []
[2023-10-10T15:30:19.781623+00:00] main.INFO: Add of item with id Magento_ImportExport::system_convert_export was processed [] []
[2023-10-10T15:30:19.781818+00:00] main.INFO: Add of item with id Magento_ImportExport::system_convert_history was processed [] []
[2023-10-10T15:30:19.782018+00:00] main.INFO: Add of item with id Magento_Email::template was processed [] []
[2023-10-10T15:30:19.782252+00:00] main.INFO: Add of item with id Magento_EncryptionKey::system_crypt_key was processed [] []
[2023-10-10T15:30:19.782444+00:00] main.INFO: Add of item with id Magento_InventoryAdminUi::inventory was processed [] []
[2023-10-10T15:30:19.782668+00:00] main.INFO: Add of item with id Magento_InventoryAdminUi::source was processed [] []
[2023-10-10T15:30:19.782900+00:00] main.INFO: Add of item with id Magento_InventoryAdminUi::stock was processed [] []
[2023-10-10T15:30:19.783115+00:00] main.INFO: Add of item with id Magento_Reports::report was processed [] []
[2023-10-10T15:30:19.783308+00:00] main.INFO: Add of item with id Magento_Reports::report_marketing was processed [] []
[2023-10-10T15:30:19.783499+00:00] main.INFO: Add of item with id Magento_Reports::report_salesroot was processed [] []
[2023-10-10T15:30:19.783731+00:00] main.INFO: Add of item with id Magento_Reports::report_salesroot_sales was processed [] []
[2023-10-10T15:30:19.783946+00:00] main.INFO: Add of item with id Magento_Reports::report_salesroot_tax was processed [] []
[2023-10-10T15:30:19.784177+00:00] main.INFO: Add of item with id Magento_Reports::report_salesroot_invoiced was processed [] []
[2023-10-10T15:30:19.784369+00:00] main.INFO: Add of item with id Magento_Reports::report_salesroot_shipping was processed [] []
[2023-10-10T15:30:19.784559+00:00] main.INFO: Add of item with id Magento_Reports::report_salesroot_refunded was processed [] []
[2023-10-10T15:30:19.784775+00:00] main.INFO: Add of item with id Magento_Reports::report_salesroot_coupons was processed [] []
[2023-10-10T15:30:19.784996+00:00] main.INFO: Add of item with id Magento_Reports::report_shopcart_product was processed [] []
[2023-10-10T15:30:19.785198+00:00] main.INFO: Add of item with id Magento_Reports::report_shopcart_abandoned was processed [] []
[2023-10-10T15:30:19.785418+00:00] main.INFO: Add of item with id Magento_Reports::report_products was processed [] []
[2023-10-10T15:30:19.785610+00:00] main.INFO: Add of item with id Magento_Reports::report_products_bestsellers was processed [] []
[2023-10-10T15:30:19.785800+00:00] main.INFO: Add of item with id Magento_Reports::report_products_sold was processed [] []
[2023-10-10T15:30:19.785990+00:00] main.INFO: Add of item with id Magento_Reports::report_products_viewed was processed [] []
[2023-10-10T15:30:19.786211+00:00] main.INFO: Add of item with id Magento_Reports::report_products_lowstock was processed [] []
[2023-10-10T15:30:19.786402+00:00] main.INFO: Add of item with id Magento_Reports::report_customers was processed [] []
[2023-10-10T15:30:19.786600+00:00] main.INFO: Add of item with id Magento_Reports::report_customers_accounts was processed [] []
[2023-10-10T15:30:19.786796+00:00] main.INFO: Add of item with id Magento_Reports::report_customers_totals was processed [] []
[2023-10-10T15:30:19.786986+00:00] main.INFO: Add of item with id Magento_Reports::report_customers_orders was processed [] []
[2023-10-10T15:30:19.787177+00:00] main.INFO: Add of item with id Magento_Reports::report_statistics was processed [] []
[2023-10-10T15:30:19.787376+00:00] main.INFO: Add of item with id Magento_Reports::report_statistics_refresh was processed [] []
[2023-10-10T15:30:19.787571+00:00] main.INFO: Add of item with id Magento_Search::report_search_term was processed [] []
[2023-10-10T15:30:19.787763+00:00] main.INFO: Add of item with id Magento_LoginAsCustomerLog::login_log was processed [] []
[2023-10-10T15:30:19.787996+00:00] main.INFO: Add of item with id Magento_Marketplace::partners was processed [] []
[2023-10-10T15:30:19.788211+00:00] main.INFO: Add of item with id Magento_Newsletter::newsletter_template was processed [] []
[2023-10-10T15:30:19.788421+00:00] main.INFO: Add of item with id Magento_Newsletter::newsletter_queue was processed [] []
[2023-10-10T15:30:19.788630+00:00] main.INFO: Add of item with id Magento_Newsletter::newsletter_subscriber was processed [] []
[2023-10-10T15:30:19.788821+00:00] main.INFO: Add of item with id Magento_Newsletter::newsletter_problem was processed [] []
[2023-10-10T15:30:19.789026+00:00] main.INFO: Add of item with id Magento_SalesRule::promo_quote was processed [] []
[2023-10-10T15:30:19.789250+00:00] main.INFO: Add of item with id Magento_Sitemap::catalog_sitemap was processed [] []
[2023-10-10T15:30:19.789463+00:00] main.INFO: Add of item with id Magento_PageBuilder::templates was processed [] []
[2023-10-10T15:30:19.789653+00:00] main.INFO: Add of item with id Magento_Paypal::report_salesroot_paypal_settlement_reports was processed [] []
[2023-10-10T15:30:19.789875+00:00] main.INFO: Add of item with id Magento_Paypal::paypal_billing_agreement was processed [] []
[2023-10-10T15:30:19.790066+00:00] main.INFO: Add of item with id Magento_Review::catalog_reviews_ratings_ratings was processed [] []
[2023-10-10T15:30:19.790263+00:00] main.INFO: Add of item with id Magento_Review::catalog_reviews_ratings_pending was processed [] []
[2023-10-10T15:30:19.790455+00:00] main.INFO: Add of item with id Magento_Review::catalog_reviews_ratings_reviews_all was processed [] []
[2023-10-10T15:30:19.790667+00:00] main.INFO: Add of item with id Magento_Review::report_review was processed [] []
[2023-10-10T15:30:19.790903+00:00] main.INFO: Add of item with id Magento_Review::report_review_customer was processed [] []
[2023-10-10T15:30:19.791146+00:00] main.INFO: Add of item with id Magento_Review::report_review_product was processed [] []
[2023-10-10T15:30:19.791364+00:00] main.INFO: Add of item with id Magento_CheckoutAgreements::sales_checkoutagreement was processed [] []
[2023-10-10T15:30:19.791573+00:00] main.INFO: Add of item with id Magento_TaxImportExport::system_convert_tax was processed [] []
[2023-10-10T15:30:19.791771+00:00] main.INFO: Add of item with id Magento_AsynchronousOperations::system_magento_logging was processed [] []
[2023-10-10T15:30:19.791973+00:00] main.INFO: Add of item with id Magento_AsynchronousOperations::system_magento_logging_bulk_operations was processed [] []
[2023-10-10T15:30:19.792179+00:00] main.INFO: Add of item with id Magento_CurrencySymbol::system_currency was processed [] []
[2023-10-10T15:30:19.792401+00:00] main.INFO: Add of item with id Magento_CurrencySymbol::system_currency_rates was processed [] []
[2023-10-10T15:30:19.792594+00:00] main.INFO: Add of item with id Magento_CurrencySymbol::system_currency_symbols was processed [] []
[2023-10-10T15:30:19.792805+00:00] main.INFO: Add of item with id PayPal_Braintree::settlement_report was processed [] []
[2023-10-10T15:30:19.793023+00:00] main.INFO: Add of item with id PayPal_Braintree::virtual_terminal was processed [] []
[2023-10-10T15:30:31.018325+00:00] main.INFO: Broken reference: the 'notification.messages' tries to reorder itself towards 'user', but their parents are different: 'header.inner.right' and 'header' respectively. [] []
[2023-10-10T15:50:22.640046+00:00] main.INFO: Broken reference: the 'catalog.compare.sidebar' element cannot be added as child to 'sidebar.additional', because the latter doesn't exist [] []
[2023-10-10T15:50:22.640392+00:00] main.INFO: Broken reference: the 'sale.reorder.sidebar' element cannot be added as child to 'sidebar.additional', because the latter doesn't exist [] []
[2023-10-10T15:50:22.640668+00:00] main.INFO: Broken reference: the 'wishlist_sidebar' element cannot be added as child to 'sidebar.additional', because the latter doesn't exist [] []
[2023-10-10T15:50:22.640913+00:00] main.INFO: Broken reference: the 'paypal.partner.right.logo' element cannot be added as child to 'sidebar.additional', because the latter doesn't exist [] []
[2023-10-10T15:50:22.641149+00:00] main.INFO: Broken reference: the 'bml.right.logo' element cannot be added as child to 'sidebar.additional', because the latter doesn't exist [] []
[2023-10-10T15:50:22.641358+00:00] main.INFO: Broken reference: the 'sidebar.container.paylater' element cannot be added as child to 'sidebar.additional', because the latter doesn't exist [] []
[2023-10-10T15:50:43.276576+00:00] main.INFO: Broken reference: the 'header.panel.wrapper' element cannot be added as child to 'header.container', because the latter doesn't exist [] []
[2023-10-10T15:50:43.276970+00:00] main.INFO: Broken reference: the 'header-wrapper' element cannot be added as child to 'header.container', because the latter doesn't exist [] []
[2023-10-10T15:50:43.277216+00:00] main.INFO: Broken reference: the 'navigation.sections' element cannot be added as child to 'page.top', because the latter doesn't exist [] []
[2023-10-10T15:50:43.277463+00:00] main.INFO: Broken reference: the 'top.container' element cannot be added as child to 'page.top', because the latter doesn't exist [] []
[2023-10-10T15:50:43.277693+00:00] main.INFO: Broken reference: the 'breadcrumbs' element cannot be added as child to 'page.top', because the latter doesn't exist [] []
[2023-10-10T15:50:43.277916+00:00] main.INFO: Broken reference: the 'footer' element cannot be added as child to 'footer-container', because the latter doesn't exist [] []
[2023-10-10T15:50:43.278166+00:00] main.INFO: Broken reference: the 'catalog.compare.sidebar' element cannot be added as child to 'sidebar.additional', because the latter doesn't exist [] []
[2023-10-10T15:50:43.278383+00:00] main.INFO: Broken reference: the 'sale.reorder.sidebar' element cannot be added as child to 'sidebar.additional', because the latter doesn't exist [] []
[2023-10-10T15:50:43.278631+00:00] main.INFO: Broken reference: the 'wishlist_sidebar' element cannot be added as child to 'sidebar.additional', because the latter doesn't exist [] []
[2023-10-10T15:50:43.278871+00:00] main.INFO: Broken reference: the 'header.panel.wrapper' tries to reorder itself towards '', but their parents are different: 'header.container' and '' respectively. [] []
[2023-10-10T15:50:43.279087+00:00] main.INFO: Broken reference: the 'navigation.sections' tries to reorder itself towards '', but their parents are different: 'page.top' and '' respectively. [] []
[2023-10-10T15:51:55.849640+00:00] main.ERROR: Could not create an acl object: Invalid Document 
Element 'resource': The attribute 'title' is required but missing.
Line: 10
 [] []
[2023-10-10T15:52:12.516107+00:00] main.ERROR: Could not create an acl object: Invalid Document 
Element 'resource': The attribute 'title' is required but missing.
Line: 10
 [] []
[2023-10-10T15:52:13.260447+00:00] main.ERROR: Could not create an acl object: Invalid Document 
Element 'resource': The attribute 'title' is required but missing.
Line: 10
 [] []
[2023-10-10T15:52:36.039252+00:00] main.ERROR: Could not create an acl object: Invalid Document 
Element 'resource': The attribute 'title' is required but missing.
Line: 10
 [] []
[2023-10-10T15:53:40.220818+00:00] main.ERROR: Could not create an acl object: Invalid Document 
Element 'resource': The attribute 'title' is required but missing.
Line: 10
 [] []
[2023-10-10T15:57:37.660540+00:00] main.ERROR: Could not create an acl object: Invalid Document 
Element 'resource': The attribute 'title' is required but missing.
Line: 10
 [] []
[2023-10-10T15:57:44.588793+00:00] main.INFO: Broken reference: the 'tracking' element cannot be added as child to 'header', because the latter doesn't exist [] []
[2023-10-10T15:57:44.589151+00:00] main.INFO: Broken reference: the 'notification_area' element cannot be added as child to 'notifications', because the latter doesn't exist [] []
[2023-10-10T15:57:44.589403+00:00] main.INFO: Broken reference: the 'unread_system_messages' element cannot be added as child to 'notifications', because the latter doesn't exist [] []
[2023-10-10T15:57:44.589609+00:00] main.INFO: Broken reference: the 'notification_window' element cannot be added as child to 'notifications', because the latter doesn't exist [] []
[2023-10-10T15:57:44.589836+00:00] main.INFO: Broken reference: the 'notification.messages' element cannot be added as child to 'header', because the latter doesn't exist [] []
[2023-10-10T15:57:44.590077+00:00] main.INFO: Broken reference: the 'global_notices' element cannot be added as child to 'global.notices', because the latter doesn't exist [] []
[2023-10-10T15:57:44.590310+00:00] main.INFO: Broken reference: the 'logo' element cannot be added as child to 'header', because the latter doesn't exist [] []
[2023-10-10T15:57:44.590544+00:00] main.INFO: Broken reference: the 'global.search' element cannot be added as child to 'header', because the latter doesn't exist [] []
[2023-10-10T15:57:44.590773+00:00] main.INFO: Broken reference: the 'user' element cannot be added as child to 'header', because the latter doesn't exist [] []
[2023-10-10T15:57:44.590989+00:00] main.INFO: Broken reference: the 'menu' element cannot be added as child to 'page.menu', because the latter doesn't exist [] []
[2023-10-10T15:57:44.591179+00:00] main.INFO: Broken reference: the 'breadcrumbs' element cannot be added as child to 'page.breadcrumbs', because the latter doesn't exist [] []
[2023-10-10T15:57:44.591391+00:00] main.INFO: Broken reference: the 'formkey' element cannot be added as child to 'page.formkey', because the latter doesn't exist [] []
[2023-10-10T15:57:44.591602+00:00] main.INFO: Broken reference: the 'page.title' element cannot be added as child to 'main.top', because the latter doesn't exist [] []
[2023-10-10T15:57:44.591831+00:00] main.INFO: Broken reference: the 'messages' element cannot be added as child to 'page.messages', because the latter doesn't exist [] []
[2023-10-10T15:57:44.592022+00:00] main.INFO: Broken reference: the 'page.actions.toolbar' element cannot be added as child to 'page.main.actions', because the latter doesn't exist [] []
[2023-10-10T15:57:44.592233+00:00] main.INFO: Broken reference: the 'legal' element cannot be added as child to 'footer', because the latter doesn't exist [] []
[2023-10-10T15:57:44.592496+00:00] main.INFO: Broken reference: the 'header.inner.left' element cannot be added as child to 'header', because the latter doesn't exist [] []
[2023-10-10T15:57:44.592712+00:00] main.INFO: Broken reference: the 'header.inner.right' element cannot be added as child to 'header', because the latter doesn't exist [] []
[2023-10-10T15:57:44.592943+00:00] main.INFO: Broken reference: the 'user' tries to reorder itself towards '', but their parents are different: 'header' and '' respectively. [] []
[2023-10-10T15:57:44.593186+00:00] main.INFO: Broken reference: the 'notification.messages' tries to reorder itself towards 'user', but their parents are different: 'header' and '' respectively. [] []
[2023-10-10T15:57:44.593392+00:00] main.INFO: Broken reference: the 'logo' tries to reorder itself towards '', but their parents are different: 'header' and '' respectively. [] []
[2023-10-10T15:57:44.593586+00:00] main.INFO: Broken reference: the 'global.search' tries to reorder itself towards 'logo', but their parents are different: 'header' and '' respectively. [] []
[2023-10-10T15:57:44.593775+00:00] main.INFO: Broken reference: the 'page.actions.toolbar' tries to reorder itself towards '', but their parents are different: 'page.main.actions' and '' respectively. [] []
[2023-10-10T15:57:44.593998+00:00] main.INFO: Broken reference: the 'header.inner.left' tries to reorder itself towards '', but their parents are different: 'header' and '' respectively. [] []
[2023-10-10T15:57:44.594191+00:00] main.INFO: Broken reference: the 'header.inner.right' tries to reorder itself towards 'header.inner.left', but their parents are different: 'header' and '' respectively. [] []
[2023-10-10T15:57:44.594388+00:00] main.INFO: Broken reference: the 'notification.messages' tries to reorder itself towards 'user', but their parents are different: 'header.inner.right' and '' respectively. [] []
[2023-10-10T15:57:50.051104+00:00] main.ERROR: Could not create an acl object: Invalid Document 
Element 'resource': The attribute 'title' is required but missing.
Line: 10
 [] []
[2023-10-10T15:57:53.791379+00:00] main.INFO: Broken reference: the 'header.panel.wrapper' element cannot be added as child to 'header.container', because the latter doesn't exist [] []
[2023-10-10T15:57:53.791712+00:00] main.INFO: Broken reference: the 'header-wrapper' element cannot be added as child to 'header.container', because the latter doesn't exist [] []
[2023-10-10T15:57:53.791920+00:00] main.INFO: Broken reference: the 'navigation.sections' element cannot be added as child to 'page.top', because the latter doesn't exist [] []
[2023-10-10T15:57:53.792146+00:00] main.INFO: Broken reference: the 'top.container' element cannot be added as child to 'page.top', because the latter doesn't exist [] []
[2023-10-10T15:57:53.792453+00:00] main.INFO: Broken reference: the 'breadcrumbs' element cannot be added as child to 'page.top', because the latter doesn't exist [] []
[2023-10-10T15:57:53.792708+00:00] main.INFO: Broken reference: the 'footer' element cannot be added as child to 'footer-container', because the latter doesn't exist [] []
[2023-10-10T15:57:53.792943+00:00] main.INFO: Broken reference: the 'catalog.compare.sidebar' element cannot be added as child to 'sidebar.additional', because the latter doesn't exist [] []
[2023-10-10T15:57:53.793208+00:00] main.INFO: Broken reference: the 'sale.reorder.sidebar' element cannot be added as child to 'sidebar.additional', because the latter doesn't exist [] []
[2023-10-10T15:57:53.793472+00:00] main.INFO: Broken reference: the 'wishlist_sidebar' element cannot be added as child to 'sidebar.additional', because the latter doesn't exist [] []
[2023-10-10T15:57:53.793719+00:00] main.INFO: Broken reference: the 'header.panel.wrapper' tries to reorder itself towards '', but their parents are different: 'header.container' and '' respectively. [] []
[2023-10-10T15:57:53.793993+00:00] main.INFO: Broken reference: the 'navigation.sections' tries to reorder itself towards '', but their parents are different: 'page.top' and '' respectively. [] []
[2023-10-10T16:00:11.376355+00:00] main.ERROR: Could not create an acl object: Invalid Document 
Element 'resource': The attribute 'title' is required but missing.
Line: 10
 [] []
[2023-10-10T16:00:21.096790+00:00] main.INFO: Broken reference: the 'header.panel.wrapper' element cannot be added as child to 'header.container', because the latter doesn't exist [] []
[2023-10-10T16:00:21.097722+00:00] main.INFO: Broken reference: the 'header-wrapper' element cannot be added as child to 'header.container', because the latter doesn't exist [] []
[2023-10-10T16:00:21.098330+00:00] main.INFO: Broken reference: the 'navigation.sections' element cannot be added as child to 'page.top', because the latter doesn't exist [] []
[2023-10-10T16:00:21.098814+00:00] main.INFO: Broken reference: the 'top.container' element cannot be added as child to 'page.top', because the latter doesn't exist [] []
[2023-10-10T16:00:21.099254+00:00] main.INFO: Broken reference: the 'breadcrumbs' element cannot be added as child to 'page.top', because the latter doesn't exist [] []
[2023-10-10T16:00:21.099560+00:00] main.INFO: Broken reference: the 'footer' element cannot be added as child to 'footer-container', because the latter doesn't exist [] []
[2023-10-10T16:00:21.099816+00:00] main.INFO: Broken reference: the 'catalog.compare.sidebar' element cannot be added as child to 'sidebar.additional', because the latter doesn't exist [] []
[2023-10-10T16:00:21.100063+00:00] main.INFO: Broken reference: the 'sale.reorder.sidebar' element cannot be added as child to 'sidebar.additional', because the latter doesn't exist [] []
[2023-10-10T16:00:21.100327+00:00] main.INFO: Broken reference: the 'wishlist_sidebar' element cannot be added as child to 'sidebar.additional', because the latter doesn't exist [] []
[2023-10-10T16:00:21.100582+00:00] main.INFO: Broken reference: the 'header.panel.wrapper' tries to reorder itself towards '', but their parents are different: 'header.container' and '' respectively. [] []
[2023-10-10T16:00:21.100809+00:00] main.INFO: Broken reference: the 'navigation.sections' tries to reorder itself towards '', but their parents are different: 'page.top' and '' respectively. [] []
[2023-10-10T16:02:26.915597+00:00] main.INFO: Item Magento_Backend::system_currency was removed [] []
[2023-10-10T16:02:26.918416+00:00] main.INFO: Add of item with id Magento_Config::system_config was processed [] []
[2023-10-10T16:02:26.918955+00:00] main.INFO: Add of item with id Magento_AdminNotification::system_adminnotification was processed [] []
[2023-10-10T16:02:26.919461+00:00] main.INFO: Add of item with id Magento_Theme::design_config was processed [] []
[2023-10-10T16:02:26.919951+00:00] main.INFO: Add of item with id Magento_Theme::system_design_theme was processed [] []
[2023-10-10T16:02:26.920366+00:00] main.INFO: Add of item with id Magento_Backend::system_design_schedule was processed [] []
[2023-10-10T16:02:26.920784+00:00] main.INFO: Add of item with id Magento_Backend::system_store was processed [] []
[2023-10-10T16:02:26.921242+00:00] main.INFO: Add of item with id Magento_Backend::dashboard was processed [] []
[2023-10-10T16:02:26.921637+00:00] main.INFO: Add of item with id Magento_Backend::system was processed [] []
[2023-10-10T16:02:26.922042+00:00] main.INFO: Add of item with id Magento_Backend::system_tools was processed [] []
[2023-10-10T16:02:26.922448+00:00] main.INFO: Add of item with id Magento_Backend::system_design was processed [] []
[2023-10-10T16:02:26.922844+00:00] main.INFO: Add of item with id Magento_Backend::system_convert was processed [] []
[2023-10-10T16:02:26.923256+00:00] main.INFO: Add of item with id Magento_Backend::system_cache was processed [] []
[2023-10-10T16:02:26.923670+00:00] main.INFO: Add of item with id Magento_Backend::marketing was processed [] []
[2023-10-10T16:02:26.924069+00:00] main.INFO: Add of item with id Magento_Backend::marketing_communications was processed [] []
[2023-10-10T16:02:26.924522+00:00] main.INFO: Add of item with id Magento_Backend::marketing_seo was processed [] []
[2023-10-10T16:02:26.924953+00:00] main.INFO: Add of item with id Magento_Backend::marketing_user_content was processed [] []
[2023-10-10T16:02:26.925411+00:00] main.INFO: Add of item with id Magento_Backend::content was processed [] []
[2023-10-10T16:02:26.925842+00:00] main.INFO: Add of item with id Magento_Backend::content_elements was processed [] []
[2023-10-10T16:02:26.926269+00:00] main.INFO: Add of item with id Magento_Backend::stores was processed [] []
[2023-10-10T16:02:26.926716+00:00] main.INFO: Add of item with id Magento_Backend::stores_settings was processed [] []
[2023-10-10T16:02:26.927147+00:00] main.INFO: Add of item with id Magento_Backend::stores_attributes was processed [] []
[2023-10-10T16:02:26.927545+00:00] main.INFO: Add of item with id Magento_Backend::other_settings was processed [] []
[2023-10-10T16:02:26.927940+00:00] main.INFO: Add of item with id Magento_Backend::system_other_settings was processed [] []
[2023-10-10T16:02:26.928354+00:00] main.INFO: Add of item with id Magento_User::system_acl was processed [] []
[2023-10-10T16:02:26.928758+00:00] main.INFO: Add of item with id Magento_User::system_acl_users was processed [] []
[2023-10-10T16:02:26.929198+00:00] main.INFO: Add of item with id Magento_User::system_acl_roles was processed [] []
[2023-10-10T16:02:26.929617+00:00] main.INFO: Add of item with id Magento_User::system_acl_locks was processed [] []
[2023-10-10T16:02:26.930035+00:00] main.INFO: Add of item with id Magento_Customer::customer was processed [] []
[2023-10-10T16:02:26.930452+00:00] main.INFO: Add of item with id Magento_Customer::customer_manage was processed [] []
[2023-10-10T16:02:26.930862+00:00] main.INFO: Add of item with id Magento_Customer::customer_online was processed [] []
[2023-10-10T16:02:26.931255+00:00] main.INFO: Add of item with id Magento_Customer::customer_group was processed [] []
[2023-10-10T16:02:26.931647+00:00] main.INFO: Add of item with id Magento_Backup::system_tools_backup was processed [] []
[2023-10-10T16:02:26.932141+00:00] main.INFO: Add of item with id Magento_Indexer::system_index was processed [] []
[2023-10-10T16:02:26.932677+00:00] main.INFO: Add of item with id Magento_Variable::system_variable was processed [] []
[2023-10-10T16:02:26.933200+00:00] main.INFO: Add of item with id Magento_Cms::cms_page was processed [] []
[2023-10-10T16:02:26.933630+00:00] main.INFO: Add of item with id Magento_Cms::cms_block was processed [] []
[2023-10-10T16:02:26.934041+00:00] main.INFO: Add of item with id Magento_Catalog::catalog was processed [] []
[2023-10-10T16:02:26.934441+00:00] main.INFO: Add of item with id Magento_Catalog::catalog_products was processed [] []
[2023-10-10T16:02:26.934844+00:00] main.INFO: Add of item with id Magento_Catalog::catalog_categories was processed [] []
[2023-10-10T16:02:26.935267+00:00] main.INFO: Add of item with id Magento_Catalog::catalog_attributes_attributes was processed [] []
[2023-10-10T16:02:26.935666+00:00] main.INFO: Add of item with id Magento_Catalog::catalog_attributes_sets was processed [] []
[2023-10-10T16:02:26.936065+00:00] main.INFO: Add of item with id Magento_Catalog::inventory was processed [] []
[2023-10-10T16:02:26.936487+00:00] main.INFO: Add of item with id Magento_Search::search_terms was processed [] []
[2023-10-10T16:02:26.936885+00:00] main.INFO: Add of item with id Magento_Search::search_synonyms was processed [] []
[2023-10-10T16:02:26.937289+00:00] main.INFO: Add of item with id Magento_CatalogRule::promo was processed [] []
[2023-10-10T16:02:26.937707+00:00] main.INFO: Add of item with id Magento_CatalogRule::promo_catalog was processed [] []
[2023-10-10T16:02:26.938100+00:00] main.INFO: Add of item with id Magento_Sales::sales was processed [] []
[2023-10-10T16:02:26.938496+00:00] main.INFO: Add of item with id Magento_Sales::sales_operation was processed [] []
[2023-10-10T16:02:26.938912+00:00] main.INFO: Add of item with id Magento_Sales::sales_order was processed [] []
[2023-10-10T16:02:26.939316+00:00] main.INFO: Add of item with id Magento_Sales::sales_invoice was processed [] []
[2023-10-10T16:02:26.939706+00:00] main.INFO: Add of item with id Magento_Sales::sales_shipment was processed [] []
[2023-10-10T16:02:26.940097+00:00] main.INFO: Add of item with id Magento_Sales::sales_creditmemo was processed [] []
[2023-10-10T16:02:26.940494+00:00] main.INFO: Add of item with id Magento_Sales::sales_transactions was processed [] []
[2023-10-10T16:02:26.940886+00:00] main.INFO: Add of item with id Magento_Sales::system_order_statuses was processed [] []
[2023-10-10T16:02:26.941317+00:00] main.INFO: Add of item with id Magento_MediaGalleryUi::media was processed [] []
[2023-10-10T16:02:26.941737+00:00] main.INFO: Add of item with id Magento_MediaGalleryUi::media_gallery was processed [] []
[2023-10-10T16:02:26.942153+00:00] main.INFO: Add of item with id Magento_Downloadable::report_products_downloads was processed [] []
[2023-10-10T16:02:26.942561+00:00] main.INFO: Add of item with id Magento_Integration::system_extensions was processed [] []
[2023-10-10T16:02:26.942978+00:00] main.INFO: Add of item with id Magento_Integration::system_integrations was processed [] []
[2023-10-10T16:02:26.943390+00:00] main.INFO: Add of item with id Magento_UrlRewrite::urlrewrite was processed [] []
[2023-10-10T16:02:26.943797+00:00] main.INFO: Add of item with id Magento_Tax::sales_tax was processed [] []
[2023-10-10T16:02:26.944214+00:00] main.INFO: Add of item with id Magento_Tax::sales_tax_rules was processed [] []
[2023-10-10T16:02:26.944636+00:00] main.INFO: Add of item with id Magento_Tax::sales_tax_rates was processed [] []
[2023-10-10T16:02:26.945158+00:00] main.INFO: Add of item with id Magento_Widget::cms_widget_instance was processed [] []
[2023-10-10T16:02:26.945572+00:00] main.INFO: Add of item with id Magento_Analytics::business_intelligence was processed [] []
[2023-10-10T16:02:26.945972+00:00] main.INFO: Add of item with id Magento_Analytics::advanced_reporting was processed [] []
[2023-10-10T16:02:26.946415+00:00] main.INFO: Add of item with id Magento_Analytics::bi_essentials was processed [] []
[2023-10-10T16:02:26.946874+00:00] main.INFO: Add of item with id Magento_ImportExport::system_convert_import was processed [] []
[2023-10-10T16:02:26.947301+00:00] main.INFO: Add of item with id Magento_ImportExport::system_convert_export was processed [] []
[2023-10-10T16:02:26.947692+00:00] main.INFO: Add of item with id Magento_ImportExport::system_convert_history was processed [] []
[2023-10-10T16:02:26.948093+00:00] main.INFO: Add of item with id Magento_Email::template was processed [] []
[2023-10-10T16:02:26.948505+00:00] main.INFO: Add of item with id Magento_EncryptionKey::system_crypt_key was processed [] []
[2023-10-10T16:02:26.948905+00:00] main.INFO: Add of item with id Magento_InventoryAdminUi::inventory was processed [] []
[2023-10-10T16:02:26.949321+00:00] main.INFO: Add of item with id Magento_InventoryAdminUi::source was processed [] []
[2023-10-10T16:02:26.949732+00:00] main.INFO: Add of item with id Magento_InventoryAdminUi::stock was processed [] []
[2023-10-10T16:02:26.950129+00:00] main.INFO: Add of item with id Magento_Reports::report was processed [] []
[2023-10-10T16:02:26.950523+00:00] main.INFO: Add of item with id Magento_Reports::report_marketing was processed [] []
[2023-10-10T16:02:26.950907+00:00] main.INFO: Add of item with id Magento_Reports::report_salesroot was processed [] []
[2023-10-10T16:02:26.951300+00:00] main.INFO: Add of item with id Magento_Reports::report_salesroot_sales was processed [] []
[2023-10-10T16:02:26.951716+00:00] main.INFO: Add of item with id Magento_Reports::report_salesroot_tax was processed [] []
[2023-10-10T16:02:26.952106+00:00] main.INFO: Add of item with id Magento_Reports::report_salesroot_invoiced was processed [] []
[2023-10-10T16:02:26.952493+00:00] main.INFO: Add of item with id Magento_Reports::report_salesroot_shipping was processed [] []
[2023-10-10T16:02:26.952913+00:00] main.INFO: Add of item with id Magento_Reports::report_salesroot_refunded was processed [] []
[2023-10-10T16:02:26.953332+00:00] main.INFO: Add of item with id Magento_Reports::report_salesroot_coupons was processed [] []
[2023-10-10T16:02:26.953858+00:00] main.INFO: Add of item with id Magento_Reports::report_shopcart_product was processed [] []
[2023-10-10T16:02:26.954300+00:00] main.INFO: Add of item with id Magento_Reports::report_shopcart_abandoned was processed [] []
[2023-10-10T16:02:26.954689+00:00] main.INFO: Add of item with id Magento_Reports::report_products was processed [] []
[2023-10-10T16:02:26.955087+00:00] main.INFO: Add of item with id Magento_Reports::report_products_bestsellers was processed [] []
[2023-10-10T16:02:26.955473+00:00] main.INFO: Add of item with id Magento_Reports::report_products_sold was processed [] []
[2023-10-10T16:02:26.955866+00:00] main.INFO: Add of item with id Magento_Reports::report_products_viewed was processed [] []
[2023-10-10T16:02:26.956254+00:00] main.INFO: Add of item with id Magento_Reports::report_products_lowstock was processed [] []
[2023-10-10T16:02:26.956643+00:00] main.INFO: Add of item with id Magento_Reports::report_customers was processed [] []
[2023-10-10T16:02:26.957064+00:00] main.INFO: Add of item with id Magento_Reports::report_customers_accounts was processed [] []
[2023-10-10T16:02:26.957468+00:00] main.INFO: Add of item with id Magento_Reports::report_customers_totals was processed [] []
[2023-10-10T16:02:26.957861+00:00] main.INFO: Add of item with id Magento_Reports::report_customers_orders was processed [] []
[2023-10-10T16:02:26.958352+00:00] main.INFO: Add of item with id Magento_Reports::report_statistics was processed [] []
[2023-10-10T16:02:26.958766+00:00] main.INFO: Add of item with id Magento_Reports::report_statistics_refresh was processed [] []
[2023-10-10T16:02:26.959186+00:00] main.INFO: Add of item with id Magento_Search::report_search_term was processed [] []
[2023-10-10T16:02:26.959612+00:00] main.INFO: Add of item with id Magento_LoginAsCustomerLog::login_log was processed [] []
[2023-10-10T16:02:26.960026+00:00] main.INFO: Add of item with id Magento_Marketplace::partners was processed [] []
[2023-10-10T16:02:26.960435+00:00] main.INFO: Add of item with id Magento_Newsletter::newsletter_template was processed [] []
[2023-10-10T16:02:26.960825+00:00] main.INFO: Add of item with id Magento_Newsletter::newsletter_queue was processed [] []
[2023-10-10T16:02:26.961269+00:00] main.INFO: Add of item with id Magento_Newsletter::newsletter_subscriber was processed [] []
[2023-10-10T16:02:26.961660+00:00] main.INFO: Add of item with id Magento_Newsletter::newsletter_problem was processed [] []
[2023-10-10T16:02:26.962051+00:00] main.INFO: Add of item with id Magento_SalesRule::promo_quote was processed [] []
[2023-10-10T16:02:26.962438+00:00] main.INFO: Add of item with id Magento_Sitemap::catalog_sitemap was processed [] []
[2023-10-10T16:02:26.962832+00:00] main.INFO: Add of item with id Magento_PageBuilder::templates was processed [] []
[2023-10-10T16:02:26.963223+00:00] main.INFO: Add of item with id Magento_Paypal::report_salesroot_paypal_settlement_reports was processed [] []
[2023-10-10T16:02:26.963618+00:00] main.INFO: Add of item with id Magento_Paypal::paypal_billing_agreement was processed [] []
[2023-10-10T16:02:26.964048+00:00] main.INFO: Add of item with id Magento_Review::catalog_reviews_ratings_ratings was processed [] []
[2023-10-10T16:02:26.964456+00:00] main.INFO: Add of item with id Magento_Review::catalog_reviews_ratings_pending was processed [] []
[2023-10-10T16:02:26.964873+00:00] main.INFO: Add of item with id Magento_Review::catalog_reviews_ratings_reviews_all was processed [] []
[2023-10-10T16:02:26.965285+00:00] main.INFO: Add of item with id Magento_Review::report_review was processed [] []
[2023-10-10T16:02:26.965715+00:00] main.INFO: Add of item with id Magento_Review::report_review_customer was processed [] []
[2023-10-10T16:02:26.966113+00:00] main.INFO: Add of item with id Magento_Review::report_review_product was processed [] []
[2023-10-10T16:02:26.966528+00:00] main.INFO: Add of item with id Magento_CheckoutAgreements::sales_checkoutagreement was processed [] []
[2023-10-10T16:02:26.966939+00:00] main.INFO: Add of item with id Magento_TaxImportExport::system_convert_tax was processed [] []
[2023-10-10T16:02:26.967336+00:00] main.INFO: Add of item with id Magento_AsynchronousOperations::system_magento_logging was processed [] []
[2023-10-10T16:02:26.967736+00:00] main.INFO: Add of item with id Magento_AsynchronousOperations::system_magento_logging_bulk_operations was processed [] []
[2023-10-10T16:02:26.968137+00:00] main.INFO: Add of item with id Magento_CurrencySymbol::system_currency was processed [] []
[2023-10-10T16:02:26.968559+00:00] main.INFO: Add of item with id Magento_CurrencySymbol::system_currency_rates was processed [] []
[2023-10-10T16:02:26.968973+00:00] main.INFO: Add of item with id Magento_CurrencySymbol::system_currency_symbols was processed [] []
[2023-10-10T16:02:26.969407+00:00] main.INFO: Add of item with id PayPal_Braintree::settlement_report was processed [] []
[2023-10-10T16:02:26.969811+00:00] main.INFO: Add of item with id PayPal_Braintree::virtual_terminal was processed [] []
[2023-10-10T16:02:26.970775+00:00] main.ERROR: Specified invalid parent id (SR_Base::srbase) [] []
[2023-10-10T16:04:44.976454+00:00] main.INFO: Item Magento_Backend::system_currency was removed [] []
[2023-10-10T16:04:44.979848+00:00] main.INFO: Add of item with id Magento_Config::system_config was processed [] []
[2023-10-10T16:04:44.980855+00:00] main.INFO: Add of item with id Magento_AdminNotification::system_adminnotification was processed [] []
[2023-10-10T16:04:44.981619+00:00] main.INFO: Add of item with id Magento_Theme::design_config was processed [] []
[2023-10-10T16:04:44.982068+00:00] main.INFO: Add of item with id Magento_Theme::system_design_theme was processed [] []
[2023-10-10T16:04:44.982492+00:00] main.INFO: Add of item with id Magento_Backend::system_design_schedule was processed [] []
[2023-10-10T16:04:44.982925+00:00] main.INFO: Add of item with id Magento_Backend::system_store was processed [] []
[2023-10-10T16:04:44.983389+00:00] main.INFO: Add of item with id Magento_Backend::dashboard was processed [] []
[2023-10-10T16:04:44.983801+00:00] main.INFO: Add of item with id Magento_Backend::system was processed [] []
[2023-10-10T16:04:44.984245+00:00] main.INFO: Add of item with id Magento_Backend::system_tools was processed [] []
[2023-10-10T16:04:44.984698+00:00] main.INFO: Add of item with id Magento_Backend::system_design was processed [] []
[2023-10-10T16:04:44.985273+00:00] main.INFO: Add of item with id Magento_Backend::system_convert was processed [] []
[2023-10-10T16:04:44.985738+00:00] main.INFO: Add of item with id Magento_Backend::system_cache was processed [] []
[2023-10-10T16:04:44.986171+00:00] main.INFO: Add of item with id Magento_Backend::marketing was processed [] []
[2023-10-10T16:04:44.986608+00:00] main.INFO: Add of item with id Magento_Backend::marketing_communications was processed [] []
[2023-10-10T16:04:44.987094+00:00] main.INFO: Add of item with id Magento_Backend::marketing_seo was processed [] []
[2023-10-10T16:04:44.987548+00:00] main.INFO: Add of item with id Magento_Backend::marketing_user_content was processed [] []
[2023-10-10T16:04:44.987999+00:00] main.INFO: Add of item with id Magento_Backend::content was processed [] []
[2023-10-10T16:04:44.988428+00:00] main.INFO: Add of item with id Magento_Backend::content_elements was processed [] []
[2023-10-10T16:04:44.988843+00:00] main.INFO: Add of item with id Magento_Backend::stores was processed [] []
[2023-10-10T16:04:44.989336+00:00] main.INFO: Add of item with id Magento_Backend::stores_settings was processed [] []
[2023-10-10T16:04:44.989765+00:00] main.INFO: Add of item with id Magento_Backend::stores_attributes was processed [] []
[2023-10-10T16:04:44.990169+00:00] main.INFO: Add of item with id Magento_Backend::other_settings was processed [] []
[2023-10-10T16:04:44.990604+00:00] main.INFO: Add of item with id Magento_Backend::system_other_settings was processed [] []
[2023-10-10T16:04:44.991082+00:00] main.INFO: Add of item with id Magento_User::system_acl was processed [] []
[2023-10-10T16:04:44.991523+00:00] main.INFO: Add of item with id Magento_User::system_acl_users was processed [] []
[2023-10-10T16:04:44.991964+00:00] main.INFO: Add of item with id Magento_User::system_acl_roles was processed [] []
[2023-10-10T16:04:44.992374+00:00] main.INFO: Add of item with id Magento_User::system_acl_locks was processed [] []
[2023-10-10T16:04:44.992783+00:00] main.INFO: Add of item with id Magento_Customer::customer was processed [] []
[2023-10-10T16:04:44.993355+00:00] main.INFO: Add of item with id Magento_Customer::customer_manage was processed [] []
[2023-10-10T16:04:44.994081+00:00] main.INFO: Add of item with id Magento_Customer::customer_online was processed [] []
[2023-10-10T16:04:44.994619+00:00] main.INFO: Add of item with id Magento_Customer::customer_group was processed [] []
[2023-10-10T16:04:44.995037+00:00] main.INFO: Add of item with id Magento_Backup::system_tools_backup was processed [] []
[2023-10-10T16:04:44.995471+00:00] main.INFO: Add of item with id Magento_Indexer::system_index was processed [] []
[2023-10-10T16:04:44.995911+00:00] main.INFO: Add of item with id Magento_Variable::system_variable was processed [] []
[2023-10-10T16:04:44.996372+00:00] main.INFO: Add of item with id Magento_Cms::cms_page was processed [] []
[2023-10-10T16:04:44.996810+00:00] main.INFO: Add of item with id Magento_Cms::cms_block was processed [] []
[2023-10-10T16:04:44.997511+00:00] main.INFO: Add of item with id Magento_Catalog::catalog was processed [] []
[2023-10-10T16:04:44.998316+00:00] main.INFO: Add of item with id Magento_Catalog::catalog_products was processed [] []
[2023-10-10T16:04:44.999108+00:00] main.INFO: Add of item with id Magento_Catalog::catalog_categories was processed [] []
[2023-10-10T16:04:44.999889+00:00] main.INFO: Add of item with id Magento_Catalog::catalog_attributes_attributes was processed [] []
[2023-10-10T16:04:45.000633+00:00] main.INFO: Add of item with id Magento_Catalog::catalog_attributes_sets was processed [] []
[2023-10-10T16:04:45.001451+00:00] main.INFO: Add of item with id Magento_Catalog::inventory was processed [] []
[2023-10-10T16:04:45.002285+00:00] main.INFO: Add of item with id Magento_Search::search_terms was processed [] []
[2023-10-10T16:04:45.003033+00:00] main.INFO: Add of item with id Magento_Search::search_synonyms was processed [] []
[2023-10-10T16:04:45.003829+00:00] main.INFO: Add of item with id Magento_CatalogRule::promo was processed [] []
[2023-10-10T16:04:45.004630+00:00] main.INFO: Add of item with id Magento_CatalogRule::promo_catalog was processed [] []
[2023-10-10T16:04:45.005494+00:00] main.INFO: Add of item with id Magento_Sales::sales was processed [] []
[2023-10-10T16:04:45.006396+00:00] main.INFO: Add of item with id Magento_Sales::sales_operation was processed [] []
[2023-10-10T16:04:45.007222+00:00] main.INFO: Add of item with id Magento_Sales::sales_order was processed [] []
[2023-10-10T16:04:45.007990+00:00] main.INFO: Add of item with id Magento_Sales::sales_invoice was processed [] []
[2023-10-10T16:04:45.008785+00:00] main.INFO: Add of item with id Magento_Sales::sales_shipment was processed [] []
[2023-10-10T16:04:45.009558+00:00] main.INFO: Add of item with id Magento_Sales::sales_creditmemo was processed [] []
[2023-10-10T16:04:45.010295+00:00] main.INFO: Add of item with id Magento_Sales::sales_transactions was processed [] []
[2023-10-10T16:04:45.011036+00:00] main.INFO: Add of item with id Magento_Sales::system_order_statuses was processed [] []
[2023-10-10T16:04:45.011690+00:00] main.INFO: Add of item with id Magento_MediaGalleryUi::media was processed [] []
[2023-10-10T16:04:45.012348+00:00] main.INFO: Add of item with id Magento_MediaGalleryUi::media_gallery was processed [] []
[2023-10-10T16:04:45.013176+00:00] main.INFO: Add of item with id Magento_Downloadable::report_products_downloads was processed [] []
[2023-10-10T16:04:45.013895+00:00] main.INFO: Add of item with id Magento_Integration::system_extensions was processed [] []
[2023-10-10T16:04:45.014610+00:00] main.INFO: Add of item with id Magento_Integration::system_integrations was processed [] []
[2023-10-10T16:04:45.015372+00:00] main.INFO: Add of item with id Magento_UrlRewrite::urlrewrite was processed [] []
[2023-10-10T16:04:45.016135+00:00] main.INFO: Add of item with id Magento_Tax::sales_tax was processed [] []
[2023-10-10T16:04:45.016934+00:00] main.INFO: Add of item with id Magento_Tax::sales_tax_rules was processed [] []
[2023-10-10T16:04:45.017729+00:00] main.INFO: Add of item with id Magento_Tax::sales_tax_rates was processed [] []
[2023-10-10T16:04:45.018451+00:00] main.INFO: Add of item with id Magento_Widget::cms_widget_instance was processed [] []
[2023-10-10T16:04:45.019331+00:00] main.INFO: Add of item with id Magento_Analytics::business_intelligence was processed [] []
[2023-10-10T16:04:45.020116+00:00] main.INFO: Add of item with id Magento_Analytics::advanced_reporting was processed [] []
[2023-10-10T16:04:45.020686+00:00] main.INFO: Add of item with id Magento_Analytics::bi_essentials was processed [] []
[2023-10-10T16:04:45.021317+00:00] main.INFO: Add of item with id Magento_ImportExport::system_convert_import was processed [] []
[2023-10-10T16:04:45.021934+00:00] main.INFO: Add of item with id Magento_ImportExport::system_convert_export was processed [] []
[2023-10-10T16:04:45.022375+00:00] main.INFO: Add of item with id Magento_ImportExport::system_convert_history was processed [] []
[2023-10-10T16:04:45.023152+00:00] main.INFO: Add of item with id Magento_Email::template was processed [] []
[2023-10-10T16:04:45.023822+00:00] main.INFO: Add of item with id Magento_EncryptionKey::system_crypt_key was processed [] []
[2023-10-10T16:04:45.024298+00:00] main.INFO: Add of item with id Magento_InventoryAdminUi::inventory was processed [] []
[2023-10-10T16:04:45.024803+00:00] main.INFO: Add of item with id Magento_InventoryAdminUi::source was processed [] []
[2023-10-10T16:04:45.025389+00:00] main.INFO: Add of item with id Magento_InventoryAdminUi::stock was processed [] []
[2023-10-10T16:04:45.025983+00:00] main.INFO: Add of item with id Magento_Reports::report was processed [] []
[2023-10-10T16:04:45.026428+00:00] main.INFO: Add of item with id Magento_Reports::report_marketing was processed [] []
[2023-10-10T16:04:45.026877+00:00] main.INFO: Add of item with id Magento_Reports::report_salesroot was processed [] []
[2023-10-10T16:04:45.027381+00:00] main.INFO: Add of item with id Magento_Reports::report_salesroot_sales was processed [] []
[2023-10-10T16:04:45.027920+00:00] main.INFO: Add of item with id Magento_Reports::report_salesroot_tax was processed [] []
[2023-10-10T16:04:45.028382+00:00] main.INFO: Add of item with id Magento_Reports::report_salesroot_invoiced was processed [] []
[2023-10-10T16:04:45.028837+00:00] main.INFO: Add of item with id Magento_Reports::report_salesroot_shipping was processed [] []
[2023-10-10T16:04:45.029271+00:00] main.INFO: Add of item with id Magento_Reports::report_salesroot_refunded was processed [] []
[2023-10-10T16:04:45.029696+00:00] main.INFO: Add of item with id Magento_Reports::report_salesroot_coupons was processed [] []
[2023-10-10T16:04:45.030137+00:00] main.INFO: Add of item with id Magento_Reports::report_shopcart_product was processed [] []
[2023-10-10T16:04:45.030574+00:00] main.INFO: Add of item with id Magento_Reports::report_shopcart_abandoned was processed [] []
[2023-10-10T16:04:45.030978+00:00] main.INFO: Add of item with id Magento_Reports::report_products was processed [] []
[2023-10-10T16:04:45.031389+00:00] main.INFO: Add of item with id Magento_Reports::report_products_bestsellers was processed [] []
[2023-10-10T16:04:45.031793+00:00] main.INFO: Add of item with id Magento_Reports::report_products_sold was processed [] []
[2023-10-10T16:04:45.032189+00:00] main.INFO: Add of item with id Magento_Reports::report_products_viewed was processed [] []
[2023-10-10T16:04:45.032576+00:00] main.INFO: Add of item with id Magento_Reports::report_products_lowstock was processed [] []
[2023-10-10T16:04:45.032987+00:00] main.INFO: Add of item with id Magento_Reports::report_customers was processed [] []
[2023-10-10T16:04:45.033438+00:00] main.INFO: Add of item with id Magento_Reports::report_customers_accounts was processed [] []
[2023-10-10T16:04:45.033857+00:00] main.INFO: Add of item with id Magento_Reports::report_customers_totals was processed [] []
[2023-10-10T16:04:45.034246+00:00] main.INFO: Add of item with id Magento_Reports::report_customers_orders was processed [] []
[2023-10-10T16:04:45.034650+00:00] main.INFO: Add of item with id Magento_Reports::report_statistics was processed [] []
[2023-10-10T16:04:45.035047+00:00] main.INFO: Add of item with id Magento_Reports::report_statistics_refresh was processed [] []
[2023-10-10T16:04:45.035449+00:00] main.INFO: Add of item with id Magento_Search::report_search_term was processed [] []
[2023-10-10T16:04:45.035841+00:00] main.INFO: Add of item with id Magento_LoginAsCustomerLog::login_log was processed [] []
[2023-10-10T16:04:45.036266+00:00] main.INFO: Add of item with id Magento_Marketplace::partners was processed [] []
[2023-10-10T16:04:45.036685+00:00] main.INFO: Add of item with id Magento_Newsletter::newsletter_template was processed [] []
[2023-10-10T16:04:45.037139+00:00] main.INFO: Add of item with id Magento_Newsletter::newsletter_queue was processed [] []
[2023-10-10T16:04:45.037571+00:00] main.INFO: Add of item with id Magento_Newsletter::newsletter_subscriber was processed [] []
[2023-10-10T16:04:45.037996+00:00] main.INFO: Add of item with id Magento_Newsletter::newsletter_problem was processed [] []
[2023-10-10T16:04:45.038446+00:00] main.INFO: Add of item with id Magento_SalesRule::promo_quote was processed [] []
[2023-10-10T16:04:45.038900+00:00] main.INFO: Add of item with id Magento_Sitemap::catalog_sitemap was processed [] []
[2023-10-10T16:04:45.039303+00:00] main.INFO: Add of item with id Magento_PageBuilder::templates was processed [] []
[2023-10-10T16:04:45.039751+00:00] main.INFO: Add of item with id Magento_Paypal::report_salesroot_paypal_settlement_reports was processed [] []
[2023-10-10T16:04:45.040170+00:00] main.INFO: Add of item with id Magento_Paypal::paypal_billing_agreement was processed [] []
[2023-10-10T16:04:45.040579+00:00] main.INFO: Add of item with id Magento_Review::catalog_reviews_ratings_ratings was processed [] []
[2023-10-10T16:04:45.041052+00:00] main.INFO: Add of item with id Magento_Review::catalog_reviews_ratings_pending was processed [] []
[2023-10-10T16:04:45.041498+00:00] main.INFO: Add of item with id Magento_Review::catalog_reviews_ratings_reviews_all was processed [] []
[2023-10-10T16:04:45.041902+00:00] main.INFO: Add of item with id Magento_Review::report_review was processed [] []
[2023-10-10T16:04:45.042341+00:00] main.INFO: Add of item with id Magento_Review::report_review_customer was processed [] []
[2023-10-10T16:04:45.042737+00:00] main.INFO: Add of item with id Magento_Review::report_review_product was processed [] []
[2023-10-10T16:04:45.043131+00:00] main.INFO: Add of item with id Magento_CheckoutAgreements::sales_checkoutagreement was processed [] []
[2023-10-10T16:04:45.043537+00:00] main.INFO: Add of item with id Magento_TaxImportExport::system_convert_tax was processed [] []
[2023-10-10T16:04:45.043946+00:00] main.INFO: Add of item with id Magento_AsynchronousOperations::system_magento_logging was processed [] []
[2023-10-10T16:04:45.044344+00:00] main.INFO: Add of item with id Magento_AsynchronousOperations::system_magento_logging_bulk_operations was processed [] []
[2023-10-10T16:04:45.044751+00:00] main.INFO: Add of item with id Magento_CurrencySymbol::system_currency was processed [] []
[2023-10-10T16:04:45.045218+00:00] main.INFO: Add of item with id Magento_CurrencySymbol::system_currency_rates was processed [] []
[2023-10-10T16:04:45.045657+00:00] main.INFO: Add of item with id Magento_CurrencySymbol::system_currency_symbols was processed [] []
[2023-10-10T16:04:45.046085+00:00] main.INFO: Add of item with id PayPal_Braintree::settlement_report was processed [] []
[2023-10-10T16:04:45.046496+00:00] main.INFO: Add of item with id PayPal_Braintree::virtual_terminal was processed [] []
[2023-10-10T16:04:45.046911+00:00] main.INFO: Add of item with id SR_Base::srbase was processed [] []
[2023-10-10T16:04:45.047349+00:00] main.INFO: Add of item with id SR_Base::extensions was processed [] []
[2023-10-10T16:04:45.047747+00:00] main.INFO: Add of item with id SR_Base::srbase_stub was processed [] []
[2023-10-10T16:04:45.048132+00:00] main.INFO: Add of item with id SR_Creditguard::srcreditguard was processed [] []
[2023-10-10T16:04:45.048554+00:00] main.INFO: Add of item with id SR_Creditguard::payment_method_config was processed [] []
[2023-10-10T16:04:45.048998+00:00] main.INFO: Add of item with id SR_Creditguard::srcreditguard_cgtransactions was processed [] []
[2023-10-10T16:04:45.455544+00:00] main.INFO: Broken reference: the 'notification.messages' tries to reorder itself towards 'user', but their parents are different: 'header.inner.right' and 'header' respectively. [] []
[2023-10-10T16:05:15.673456+00:00] main.INFO: Broken reference: the 'notification.messages' tries to reorder itself towards 'user', but their parents are different: 'header.inner.right' and 'header' respectively. [] []
[2023-10-10T16:05:20.294205+00:00] main.INFO: Broken reference: the 'notification.messages' tries to reorder itself towards 'user', but their parents are different: 'header.inner.right' and 'header' respectively. [] []
[2023-10-10T16:05:59.138078+00:00] main.INFO: Broken reference: the 'notification.messages' tries to reorder itself towards 'user', but their parents are different: 'header.inner.right' and 'header' respectively. [] []
[2023-10-10T16:06:18.882227+00:00] main.INFO: Broken reference: the 'notification.messages' tries to reorder itself towards 'user', but their parents are different: 'header.inner.right' and 'header' respectively. [] []
[2023-10-10T16:06:48.386880+00:00] main.INFO: Broken reference: the 'header.panel.wrapper' element cannot be added as child to 'header.container', because the latter doesn't exist [] []
[2023-10-10T16:06:48.387519+00:00] main.INFO: Broken reference: the 'header-wrapper' element cannot be added as child to 'header.container', because the latter doesn't exist [] []
[2023-10-10T16:06:48.387996+00:00] main.INFO: Broken reference: the 'navigation.sections' element cannot be added as child to 'page.top', because the latter doesn't exist [] []
[2023-10-10T16:06:48.388466+00:00] main.INFO: Broken reference: the 'top.container' element cannot be added as child to 'page.top', because the latter doesn't exist [] []
[2023-10-10T16:06:48.388914+00:00] main.INFO: Broken reference: the 'breadcrumbs' element cannot be added as child to 'page.top', because the latter doesn't exist [] []
[2023-10-10T16:06:48.389469+00:00] main.INFO: Broken reference: the 'footer' element cannot be added as child to 'footer-container', because the latter doesn't exist [] []
[2023-10-10T16:06:48.390026+00:00] main.INFO: Broken reference: the 'catalog.compare.sidebar' element cannot be added as child to 'sidebar.additional', because the latter doesn't exist [] []
[2023-10-10T16:06:48.390528+00:00] main.INFO: Broken reference: the 'sale.reorder.sidebar' element cannot be added as child to 'sidebar.additional', because the latter doesn't exist [] []
[2023-10-10T16:06:48.391086+00:00] main.INFO: Broken reference: the 'wishlist_sidebar' element cannot be added as child to 'sidebar.additional', because the latter doesn't exist [] []
[2023-10-10T16:06:48.391544+00:00] main.INFO: Broken reference: the 'header.panel.wrapper' tries to reorder itself towards '', but their parents are different: 'header.container' and '' respectively. [] []
[2023-10-10T16:06:48.391989+00:00] main.INFO: Broken reference: the 'navigation.sections' tries to reorder itself towards '', but their parents are different: 'page.top' and '' respectively. [] []
[2023-10-10T16:11:41.268751+00:00] main.INFO: Broken reference: the 'header.panel.wrapper' element cannot be added as child to 'header.container', because the latter doesn't exist [] []
[2023-10-10T16:11:41.269571+00:00] main.INFO: Broken reference: the 'header-wrapper' element cannot be added as child to 'header.container', because the latter doesn't exist [] []
[2023-10-10T16:11:41.270024+00:00] main.INFO: Broken reference: the 'navigation.sections' element cannot be added as child to 'page.top', because the latter doesn't exist [] []
[2023-10-10T16:11:41.270468+00:00] main.INFO: Broken reference: the 'top.container' element cannot be added as child to 'page.top', because the latter doesn't exist [] []
[2023-10-10T16:11:41.270874+00:00] main.INFO: Broken reference: the 'breadcrumbs' element cannot be added as child to 'page.top', because the latter doesn't exist [] []
[2023-10-10T16:11:41.271306+00:00] main.INFO: Broken reference: the 'footer' element cannot be added as child to 'footer-container', because the latter doesn't exist [] []
[2023-10-10T16:11:41.271748+00:00] main.INFO: Broken reference: the 'catalog.compare.sidebar' element cannot be added as child to 'sidebar.additional', because the latter doesn't exist [] []
[2023-10-10T16:11:41.272182+00:00] main.INFO: Broken reference: the 'sale.reorder.sidebar' element cannot be added as child to 'sidebar.additional', because the latter doesn't exist [] []
[2023-10-10T16:11:41.272635+00:00] main.INFO: Broken reference: the 'wishlist_sidebar' element cannot be added as child to 'sidebar.additional', because the latter doesn't exist [] []
[2023-10-10T16:11:41.273131+00:00] main.INFO: Broken reference: the 'header.panel.wrapper' tries to reorder itself towards '', but their parents are different: 'header.container' and '' respectively. [] []
[2023-10-10T16:11:41.273552+00:00] main.INFO: Broken reference: the 'navigation.sections' tries to reorder itself towards '', but their parents are different: 'page.top' and '' respectively. [] []
